<?xml version="1.0" encoding="UTF-8"?>
<!-- Generated by org.testng.reporters.JUnitReportReporter -->
<testsuite hostname="431HRM3" failures="0" tests="3" name="TestCases" time="0.009" errors="0" timestamp="2023-12-28T13:17:57 GMT+05:30" skipped="0">
  <testcase classname="TestCases" name="test3" time="0.001"/>
  <testcase classname="TestCases" name="test2" time="0.000"/>
  <testcase classname="TestCases" name="test1" time="0.008"/>
</testsuite> <!-- TestCases -->
